<?xml version="1.0" encoding="UTF-8"?>
<testng-results ignored="0" total="1" passed="1" failed="0" skipped="0">
  <reporter-output>
  </reporter-output>
  <suite started-at="2026-01-15T16:28:06 IST" name="Suite" finished-at="2026-01-15T16:28:56 IST" duration-ms="50480">
    <groups>
    </groups>
    <test started-at="2026-01-15T16:28:06 IST" name="Test" finished-at="2026-01-15T16:28:56 IST" duration-ms="50480">
      <class name="Login.Login">
        <test-method is-config="true" signature="setup()[pri:0, instance:Login.Login@7219ec67]" started-at="2026-01-15T16:28:06 IST" name="setup" finished-at="2026-01-15T16:28:30 IST" duration-ms="24140" status="PASS">
          <reporter-output>
          </reporter-output>
        </test-method> <!-- setup -->
        <test-method signature="login()[pri:0, instance:Login.Login@7219ec67]" started-at="2026-01-15T16:28:30 IST" name="login" finished-at="2026-01-15T16:28:54 IST" duration-ms="24479" status="PASS">
          <reporter-output>
          </reporter-output>
        </test-method> <!-- login -->
        <test-method is-config="true" signature="tearDown()[pri:0, instance:Login.Login@7219ec67]" started-at="2026-01-15T16:28:54 IST" name="tearDown" finished-at="2026-01-15T16:28:56 IST" duration-ms="1809" status="PASS">
          <reporter-output>
          </reporter-output>
        </test-method> <!-- tearDown -->
      </class> <!-- Login.Login -->
    </test> <!-- Test -->
  </suite> <!-- Suite -->
</testng-results>
