<?xml version="1.0" encoding="UTF-8"?>
<testsuite xmlns:xsi="http://www.w3.org/2001/XMLSchema-instance" xsi:noNamespaceSchemaLocation="https://maven.apache.org/surefire/maven-surefire-plugin/xsd/surefire-test-report-3.0.xsd" version="3.0" name="TestSuite" time="51.139" tests="1" errors="0" skipped="0" failures="0">
  <properties>
[...]
</properties>
  <testcase name="login" classname="Login.Login" time="24.483">
    <system-out><![CDATA[<?xml version='1.0' encoding='UTF-8' standalone='yes' ?>
<hierarchy index="0" class="hierarchy" rotation="0" width="1080" height="2400">
  <android.widget.FrameLayout index="0" package="com.ott.gradientInfotainment" class="android.widget.FrameLayout" text="" checkable="false" checked="false" clickable="false" enabled="true" focusable="false" focused="false" long-clickable="false" password="false" scrollable="false" selected="false" bounds="[0,0][1080,2400]" displayed="true" a11y-important="true" screen-reader-focusable="false" drawing-order="0" showing-hint="false" text-entry-key="false" dismissable="false" a11y-focused="false" heading="false" live-region="0" context-clickable="false" content-invalid="false" window-id="329">
    <android.widget.LinearLayout index="0" package="com.ott.gradientInfotainment" class="android.widget.LinearLayout" text="" checkable="false" checked="false" clickable="false" enabled="true" focusable="false" focused="false" long-clickable="false" password="false" scrollable="false" selected="false" bounds="[0,0][1080,2400]" displayed="true" a11y-important="false" screen-reader-focusable="false" drawing-order="1" showing-hint="false" text-entry-key="false" dismissable="false" a11y-focused="false" heading="false" live-region="0" context-clickable="false" content-invalid="false" window-id="329">
      <android.widget.FrameLayout index="0" package="com.ott.gradientInfotainment" class="android.widget.FrameLayout" text="" resource-id="android:id/content" checkable="false" checked="false" clickable="false" enabled="true" focusable="false" focused="false" long-clickable="false" password="false" scrollable="false" selected="false" bounds="[0,0][1080,2400]" displayed="true" a11y-important="false" screen-reader-focusable="false" drawing-order="2" showing-hint="false" text-entry-key="false" dismissable="false" a11y-focused="false" heading="false" live-region="0" context-clickable="false" content-invalid="false" window-id="329">
        <android.widget.FrameLayout index="0" package="com.ott.gradientInfotainment" class="android.widget.FrameLayout" text="" checkable="false" checked="false" clickable="false" enabled="true" focusable="true" focused="false" long-clickable="false" password="false" scrollable="false" selected="false" bounds="[0,0][1080,2400]" displayed="true" a11y-important="true" screen-reader-focusable="false" drawing-order="1" showing-hint="false" text-entry-key="false" dismissable="false" a11y-focused="false" heading="false" live-region="0" context-clickable="false" content-invalid="false" pane-title=" " window-id="329">
          <android.view.View index="0" package="com.ott.gradientInfotainment" class="android.view.View" text="" resource-id="" checkable="false" checked="false" clickable="false" enabled="true" focusable="false" focused="false" long-clickable="false" password="false" scrollable="false" selected="false" bounds="[0,0][1080,2400]" displayed="true" a11y-important="false" screen-reader-focusable="false" drawing-order="0" showing-hint="false" text-entry-key="false" dismissable="false" a11y-focused="false" heading="false" live-region="0" context-clickable="false" content-invalid="false" window-id="329">
            <android.view.View index="0" package="com.ott.gradientInfotainment" class="android.view.View" text="" resource-id="" checkable="false" checked="false" clickable="false" enabled="true" focusable="false" focused="false" long-clickable="false" password="false" scrollable="false" selected="false" bounds="[0,0][1080,2400]" displayed="true" a11y-important="false" screen-reader-focusable="false" drawing-order="0" showing-hint="false" text-entry-key="false" dismissable="false" a11y-focused="false" heading="false" live-region="0" context-clickable="false" content-invalid="false" window-id="329">
              <android.view.View index="0" package="com.ott.gradientInfotainment" class="android.view.View" text="" resource-id="" checkable="false" checked="false" clickable="false" enabled="true" focusable="false" focused="false" long-clickable="false" password="false" scrollable="false" selected="false" bounds="[0,0][1080,2400]" displayed="true" a11y-important="false" screen-reader-focusable="false" drawing-order="0" showing-hint="false" text-entry-key="false" dismissable="false" a11y-focused="false" heading="false" live-region="0" context-clickable="false" content-invalid="false" window-id="329">
                <android.view.View index="0" package="com.ott.gradientInfotainment" class="android.view.View" text="" resource-id="" checkable="false" checked="false" clickable="false" enabled="true" focusable="false" focused="false" long-clickable="false" password="false" scrollable="false" selected="false" bounds="[0,0][1080,2400]" displayed="true" a11y-important="false" screen-reader-focusable="false" drawing-order="0" showing-hint="false" text-entry-key="false" dismissable="false" a11y-focused="false" heading="false" live-region="0" context-clickable="false" content-invalid="false" window-id="329">
                  <android.view.View index="0" package="com.ott.gradientInfotainment" class="android.view.View" text="" resource-id="" checkable="false" checked="false" clickable="false" enabled="true" focusable="false" focused="false" long-clickable="false" password="false" scrollable="false" selected="false" bounds="[0,0][1080,2400]" displayed="true" a11y-important="false" screen-reader-focusable="false" drawing-order="0" showing-hint="false" text-entry-key="false" dismissable="false" a11y-focused="false" heading="false" live-region="0" context-clickable="false" content-invalid="false" window-id="329">
                    <android.view.View index="0" package="com.ott.gradientInfotainment" class="android.view.View" text="" resource-id="" checkable="false" checked="false" clickable="false" enabled="true" focusable="false" focused="false" long-clickable="false" password="false" scrollable="false" selected="false" bounds="[0,0][1080,2400]" displayed="true" a11y-important="false" screen-reader-focusable="false" drawing-order="0" showing-hint="false" text-entry-key="false" dismissable="false" a11y-focused="false" heading="false" live-region="0" context-clickable="false" content-invalid="false" window-id="329">
                      <android.view.View index="0" package="com.ott.gradientInfotainment" class="android.view.View" text="" resource-id="" checkable="false" checked="false" clickable="false" enabled="true" focusable="false" focused="false" long-clickable="false" password="false" scrollable="false" selected="false" bounds="[0,0][1080,210]" displayed="true" a11y-important="false" screen-reader-focusable="false" drawing-order="0" showing-hint="false" text-entry-key="false" dismissable="false" a11y-focused="false" heading="false" live-region="0" context-clickable="false" content-invalid="false" window-id="329">
                        <android.widget.ImageView index="0" package="com.ott.gradientInfotainment" class="android.widget.ImageView" text="" resource-id="" checkable="false" checked="false" clickable="false" enabled="true" focusable="false" focused="false" long-clickable="false" password="false" scrollable="false" selected="false" bounds="[42,63][331,210]" displayed="true" a11y-important="false" screen-reader-focusable="false" drawing-order="0" showing-hint="false" text-entry-key="false" dismissable="false" a11y-focused="false" heading="true" live-region="0" context-clickable="false" content-invalid="false" window-id="329" />
                      </android.view.View>
                      <android.view.View index="1" package="com.ott.gradientInfotainment" class="android.view.View" text="" resource-id="" checkable="false" checked="false" clickable="false" enabled="true" focusable="false" focused="false" long-clickable="false" password="false" scrollable="false" selected="false" bounds="[0,210][1080,2159]" displayed="true" a11y-important="false" screen-reader-focusable="false" drawing-order="0" showing-hint="false" text-entry-key="false" dismissable="false" a11y-focused="false" heading="false" live-region="0" context-clickable="false" content-invalid="false" window-id="329">
                        <android.view.View index="0" package="com.ott.gradientInfotainment" class="android.view.View" text="" resource-id="" checkable="false" checked="false" clickable="false" enabled="true" focusable="false" focused="false" long-clickable="false" password="false" scrollable="false" selected="false" bounds="[0,210][1080,2159]" displayed="true" a11y-important="false" screen-reader-focusable="false" drawing-order="0" showing-hint="false" text-entry-key="false" dismissable="false" a11y-focused="false" heading="false" live-region="0" context-clickable="false" content-invalid="false" window-id="329">
                          <android.view.View index="0" package="com.ott.gradientInfotainment" class="android.view.View" text="" resource-id="" checkable="false" checked="false" clickable="false" enabled="true" focusable="false" focused="false" long-clickable="false" password="false" scrollable="false" selected="false" bounds="[0,226][1080,326]" displayed="true" a11y-important="false" screen-reader-focusable="false" drawing-order="0" showing-hint="false" text-entry-key="false" dismissable="false" a11y-focused="false" heading="false" live-region="0" context-clickable="false" content-invalid="false" window-id="329">
                            <android.view.View index="0" package="com.ott.gradientInfotainment" class="android.view.View" text="" resource-id="" checkable="false" checked="false" clickable="false" enabled="true" focusable="false" focused="false" long-clickable="false" password="false" scrollable="true" selected="false" bounds="[0,226][1080,326]" displayed="true" a11y-important="false" screen-reader-focusable="false" drawing-order="0" showing-hint="false" text-entry-key="false" dismissable="false" a11y-focused="false" heading="false" live-region="0" context-clickable="false" content-invalid="false" window-id="329">
                              <android.view.View index="0" package="com.ott.gradientInfotainment" class="android.view.View" text="" content-desc="HOME" resource-id="" checkable="false" checked="false" clickable="true" enabled="true" focusable="true" focused="false" long-clickable="false" password="false" scrollable="false" selected="false" bounds="[0,231][249,320]" displayed="true" a11y-important="false" screen-reader-focusable="false" drawing-order="0" showing-hint="false" text-entry-key="false" dismissable="false" a11y-focused="false" heading="false" live-region="0" context-clickable="false" content-invalid="false" window-id="329" />
                              <android.view.View index="1" package="com.ott.gradientInfotainment" class="android.view.View" text="" content-desc="Movies" resource-id="" checkable="false" checked="false" clickable="true" enabled="true" focusable="true" focused="false" long-clickable="false" password="false" scrollable="false" selected="false" bounds="[265,231][515,320]" displayed="true" a11y-important="false" screen-reader-focusable="false" drawing-order="0" showing-hint="false" text-entry-key="false" dismissable="false" a11y-focused="false" heading="false" live-region="0" context-clickable="false" content-invalid="false" window-id="329" />
                              <android.view.View index="2" package="com.ott.gradientInfotainment" class="android.view.View" text="" content-desc="Live TV" resource-id="" checkable="false" checked="false" clickable="true" enabled="true" focusable="true" focused="false" long-clickable="false" password="false" scrollable="false" selected="false" bounds="[530,231][780,320]" displayed="true" a11y-important="false" screen-reader-focusable="false" drawing-order="0" showing-hint="false" text-entry-key="false" dismissable="false" a11y-focused="false" heading="false" live-region="0" context-clickable="false" content-invalid="false" window-id="329" />
                              <android.view.View index="3" package="com.ott.gradientInfotainment" class="android.view.View" text="" content-desc="Kids" resource-id="" checkable="false" checked="false" clickable="true" enabled="true" focusable="true" focused="false" long-clickable="false" password="false" scrollable="false" selected="false" bounds="[795,231][1045,320]" displayed="true" a11y-important="false" screen-reader-focusable="false" drawing-order="0" showing-hint="false" text-entry-key="false" dismissable="false" a11y-focused="false" heading="false" live-region="0" context-clickable="false" content-invalid="false" window-id="329" />
                              <android.view.View index="4" package="com.ott.gradientInfotainment" class="android.view.View" text="" content-desc="Music" resource-id="" checkable="false" checked="false" clickable="true" enabled="true" focusable="true" focused="false" long-clickable="false" password="false" scrollable="false" selected="false" bounds="[1061,231][1080,320]" displayed="true" a11y-important="false" screen-reader-focusable="false" drawing-order="0" showing-hint="false" text-entry-key="false" dismissable="false" a11y-focused="false" heading="false" live-region="0" context-clickable="false" content-invalid="false" window-id="329" />
                            </android.view.View>
                          </android.view.View>
                          <android.view.View index="1" package="com.ott.gradientInfotainment" class="android.view.View" text="" resource-id="" checkable="false" checked="false" clickable="false" enabled="true" focusable="false" focused="false" long-clickable="false" password="false" scrollable="false" selected="false" bounds="[0,210][1080,2159]" displayed="true" a11y-important="false" screen-reader-focusable="false" drawing-order="0" showing-hint="false" text-entry-key="false" dismissable="false" a11y-focused="false" heading="false" live-region="0" context-clickable="false" content-invalid="false" window-id="329">
                            <android.widget.ScrollView index="0" package="com.ott.gradientInfotainment" class="android.widget.ScrollView" text="" resource-id="" checkable="false" checked="false" clickable="false" enabled="true" focusable="false" focused="false" long-clickable="false" password="false" scrollable="true" selected="false" bounds="[0,210][1080,2159]" displayed="true" a11y-important="false" screen-reader-focusable="false" drawing-order="0" showing-hint="false" text-entry-key="false" dismissable="false" a11y-focused="false" heading="false" live-region="0" context-clickable="false" content-invalid="false" window-id="329">
                              <android.view.View index="0" package="com.ott.gradientInfotainment" class="android.view.View" text="" resource-id="" checkable="false" checked="false" clickable="false" enabled="true" focusable="false" focused="false" long-clickable="false" password="false" scrollable="false" selected="false" bounds="[0,341][1080,1391]" displayed="true" a11y-important="false" screen-reader-focusable="false" drawing-order="0" showing-hint="false" text-entry-key="false" dismissable="false" a11y-focused="false" heading="false" live-region="0" context-clickable="false" content-invalid="false" window-id="329">
                                <android.view.View index="0" package="com.ott.gradientInfotainment" class="android.view.View" text="" resource-id="" checkable="false" checked="false" clickable="false" enabled="true" focusable="false" focused="false" long-clickable="false" password="false" scrollable="true" selected="false" bounds="[0,341][1080,1391]" displayed="true" a11y-important="false" screen-reader-focusable="false" drawing-order="0" showing-hint="false" text-entry-key="false" dismissable="false" a11y-focused="false" heading="false" live-region="0" context-clickable="false" content-invalid="false" window-id="329">
                                  <android.view.View index="0" package="com.ott.gradientInfotainment" class="android.view.View" text="" resource-id="" checkable="false" checked="false" clickable="true" enabled="true" focusable="true" focused="false" long-clickable="false" password="false" scrollable="false" selected="false" bounds="[0,341][162,1391]" displayed="true" a11y-important="false" screen-reader-focusable="false" drawing-order="0" showing-hint="false" text-entry-key="false" dismissable="false" a11y-focused="false" heading="false" live-region="0" context-clickable="false" content-invalid="false" window-id="329">
                                    <android.widget.ImageView index="0" package="com.ott.gradientInfotainment" class="android.widget.ImageView" text="" resource-id="" checkable="false" checked="false" clickable="false" enabled="true" focusable="false" focused="false" long-clickable="false" password="false" scrollable="false" selected="false" bounds="[24,505][58,539]" displayed="true" a11y-important="false" screen-reader-focusable="false" drawing-order="0" showing-hint="false" text-entry-key="false" dismissable="false" a11y-focused="false" heading="false" live-region="0" context-clickable="false" content-invalid="false" window-id="329" />
                                    <android.widget.ImageView index="1" package="com.ott.gradientInfotainment" class="android.widget.ImageView" text="" resource-id="" checkable="false" checked="false" clickable="false" enabled="true" focusable="false" focused="false" long-clickable="false" password="false" scrollable="false" selected="false" bounds="[0,469][95,1090]" displayed="true" a11y-important="false" screen-reader-focusable="false" drawing-order="0" showing-hint="false" text-entry-key="false" dismissable="false" a11y-focused="false" heading="false" live-region="0" context-clickable="false" content-invalid="false" window-id="329" />
                                  </android.view.View>
                                  <android.view.View index="1" package="com.ott.gradientInfotainment" class="android.view.View" text="" resource-id="" checkable="false" checked="false" clickable="true" enabled="true" focusable="true" focused="false" long-clickable="false" password="false" scrollable="false" selected="false" bounds="[162,341][918,1391]" displayed="true" a11y-important="false" screen-reader-focusable="false" drawing-order="0" showing-hint="false" text-entry-key="false" dismissable="false" a11y-focused="false" heading="false" live-region="0" context-clickable="false" content-invalid="false" window-id="329">
                                    <android.widget.ImageView index="0" package="com.ott.gradientInfotainment" class="android.widget.ImageView" text="" resource-id="" checkable="false" checked="false" clickable="false" enabled="true" focusable="false" focused="false" long-clickable="false" password="false" scrollable="false" selected="false" bounds="[183,341][897,1055]" displayed="true" a11y-important="false" screen-reader-focusable="false" drawing-order="0" showing-hint="false" text-entry-key="false" dismissable="false" a11y-focused="false" heading="false" live-region="0" context-clickable="false" content-invalid="false" window-id="329" />
                                    <android.widget.ImageView index="1" package="com.ott.gradientInfotainment" class="android.widget.ImageView" text="" resource-id="" checkable="false" checked="false" clickable="false" enabled="true" focusable="false" focused="false" long-clickable="false" password="false" scrollable="false" selected="false" bounds="[816,383][855,423]" displayed="true" a11y-important="false" screen-reader-focusable="false" drawing-order="0" showing-hint="false" text-entry-key="false" dismissable="false" a11y-focused="false" heading="false" live-region="0" context-clickable="false" content-invalid="false" window-id="329" />
                                  </android.view.View>
                                  <android.view.View index="2" package="com.ott.gradientInfotainment" class="android.view.View" text="" resource-id="" checkable="false" checked="false" clickable="true" enabled="true" focusable="true" focused="false" long-clickable="false" password="false" scrollable="false" selected="false" bounds="[918,341][1080,1391]" displayed="true" a11y-important="false" screen-reader-focusable="false" drawing-order="0" showing-hint="false" text-entry-key="false" dismissable="false" a11y-focused="false" heading="false" live-region="0" context-clickable="false" content-invalid="false" window-id="329">
                                    <android.widget.ImageView index="0" package="com.ott.gradientInfotainment" class="android.widget.ImageView" text="" resource-id="" checkable="false" checked="false" clickable="false" enabled="true" focusable="false" focused="false" long-clickable="false" password="false" scrollable="false" selected="false" bounds="[985,469][1080,1090]" displayed="true" a11y-important="false" screen-reader-focusable="false" drawing-order="0" showing-hint="false" text-entry-key="false" dismissable="false" a11y-focused="false" heading="false" live-region="0" context-clickable="false" content-invalid="false" window-id="329" />
                                  </android.view.View>
                                </android.view.View>
                              </android.view.View>
                              <android.view.View index="1" package="com.ott.gradientInfotainment" class="android.view.View" text="" resource-id="" checkable="false" checked="false" clickable="true" enabled="true" focusable="true" focused="false" long-clickable="false" password="false" scrollable="false" selected="false" bounds="[508,1344][572,1365]" displayed="true" a11y-important="false" screen-reader-focusable="false" drawing-order="0" showing-hint="false" text-entry-key="false" dismissable="false" a11y-focused="false" heading="false" live-region="0" context-clickable="false" content-invalid="false" window-id="329" />
                              <android.widget.ImageView index="2" package="com.ott.gradientInfotainment" class="android.widget.ImageView" text="" content-desc="Drama" resource-id="" checkable="false" checked="false" clickable="true" enabled="true" focusable="true" focused="false" long-clickable="false" password="false" scrollable="false" selected="false" bounds="[0,1412][1080,2159]" displayed="true" a11y-important="false" screen-reader-focusable="false" drawing-order="0" showing-hint="false" text-entry-key="false" dismissable="false" a11y-focused="false" heading="false" live-region="0" context-clickable="false" content-invalid="false" window-id="329">
                                <android.view.View index="0" package="com.ott.gradientInfotainment" class="android.view.View" text="" resource-id="" checkable="false" checked="false" clickable="false" enabled="true" focusable="false" focused="false" long-clickable="false" password="false" scrollable="false" selected="false" bounds="[0,1488][1080,2118]" displayed="true" a11y-important="false" screen-reader-focusable="false" drawing-order="0" showing-hint="false" text-entry-key="false" dismissable="false" a11y-focused="false" heading="false" live-region="0" context-clickable="false" content-invalid="false" window-id="329">
                                  <android.view.View index="0" package="com.ott.gradientInfotainment" class="android.view.View" text="" resource-id="" checkable="false" checked="false" clickable="false" enabled="true" focusable="false" focused="false" long-clickable="false" password="false" scrollable="true" selected="false" bounds="[0,1488][1080,2118]" displayed="true" a11y-important="false" screen-reader-focusable="false" drawing-order="0" showing-hint="false" text-entry-key="false" dismissable="false" a11y-focused="false" heading="false" live-region="0" context-clickable="false" content-invalid="false" window-id="329">
                                    <android.widget.ImageView index="0" package="com.ott.gradientInfotainment" class="android.widget.ImageView" text="" resource-id="" checkable="false" checked="false" clickable="true" enabled="true" focusable="true" focused="false" long-clickable="false" password="false" scrollable="false" selected="false" bounds="[53,1488][551,2118]" displayed="true" a11y-important="false" screen-reader-focusable="false" drawing-order="0" showing-hint="false" text-entry-key="false" dismissable="false" a11y-focused="false" heading="false" live-region="0" context-clickable="false" content-invalid="false" window-id="329" />
                                    <android.widget.ImageView index="1" package="com.ott.gradientInfotainment" class="android.widget.ImageView" text="" resource-id="" checkable="false" checked="false" clickable="true" enabled="true" focusable="true" focused="false" long-clickable="false" password="false" scrollable="false" selected="false" bounds="[572,1488][1071,2118]" displayed="true" a11y-important="false" screen-reader-focusable="false" drawing-order="0" showing-hint="false" text-entry-key="false" dismissable="false" a11y-focused="false" heading="false" live-region="0" context-clickable="false" content-invalid="false" window-id="329" />
                                  </android.view.View>
                                </android.view.View>
                              </android.widget.ImageView>
                            </android.widget.ScrollView>
                          </android.view.View>
                        </android.view.View>
                      </android.view.View>
                      <android.view.View index="2" package="com.ott.gradientInfotainment" class="android.view.View" text="" resource-id="" checkable="false" checked="false" clickable="false" enabled="true" focusable="false" focused="false" long-clickable="false" password="false" scrollable="false" selected="false" bounds="[0,2159][1080,2400]" displayed="true" a11y-important="false" screen-reader-focusable="false" drawing-order="0" showing-hint="false" text-entry-key="false" dismissable="false" a11y-focused="false" heading="false" live-region="0" context-clickable="false" content-invalid="false" window-id="329">
                        <android.view.View index="0" package="com.ott.gradientInfotainment" class="android.view.View" text="" resource-id="" checkable="false" checked="false" clickable="false" enabled="true" focusable="false" focused="false" long-clickable="false" password="false" scrollable="false" selected="false" bounds="[8,2172][1072,2324]" displayed="true" a11y-important="false" screen-reader-focusable="false" drawing-order="0" showing-hint="false" text-entry-key="false" dismissable="false" a11y-focused="false" heading="false" live-region="0" context-clickable="false" content-invalid="false" window-id="329">
                          <android.widget.ImageView index="0" package="com.ott.gradientInfotainment" class="android.widget.ImageView" text="" content-desc="Home&#10;Tab 1 of 4" resource-id="" checkable="false" checked="false" clickable="true" enabled="true" focusable="true" focused="false" long-clickable="false" password="false" scrollable="false" selected="true" bounds="[8,2172][274,2324]" displayed="true" a11y-important="false" screen-reader-focusable="false" drawing-order="0" showing-hint="false" text-entry-key="false" dismissable="false" a11y-focused="false" heading="false" live-region="0" context-clickable="false" content-invalid="false" window-id="329" />
                          <android.widget.ImageView index="1" package="com.ott.gradientInfotainment" class="android.widget.ImageView" text="" content-desc="Find&#10;Tab 2 of 4" resource-id="" checkable="false" checked="false" clickable="true" enabled="true" focusable="true" focused="false" long-clickable="false" password="false" scrollable="false" selected="false" bounds="[274,2172][540,2324]" displayed="true" a11y-important="false" screen-reader-focusable="false" drawing-order="0" showing-hint="false" text-entry-key="false" dismissable="false" a11y-focused="false" heading="false" live-region="0" context-clickable="false" content-invalid="false" window-id="329" />
                          <android.widget.ImageView index="2" package="com.ott.gradientInfotainment" class="android.widget.ImageView" text="" content-desc="Watchlist&#10;Tab 3 of 4" resource-id="" checkable="false" checked="false" clickable="true" enabled="true" focusable="true" focused="false" long-clickable="false" password="false" scrollable="false" selected="false" bounds="[540,2172][806,2324]" displayed="true" a11y-important="false" screen-reader-focusable="false" drawing-order="0" showing-hint="false" text-entry-key="false" dismissable="false" a11y-focused="false" heading="false" live-region="0" context-clickable="false" content-invalid="false" window-id="329" />
                          <android.widget.ImageView index="3" package="com.ott.gradientInfotainment" class="android.widget.ImageView" text="" content-desc="My Stuff&#10;Tab 4 of 4" resource-id="" checkable="false" checked="false" clickable="true" enabled="true" focusable="true" focused="false" long-clickable="false" password="false" scrollable="false" selected="false" bounds="[806,2172][1072,2324]" displayed="true" a11y-important="false" screen-reader-focusable="false" drawing-order="0" showing-hint="false" text-entry-key="false" dismissable="false" a11y-focused="false" heading="false" live-region="0" context-clickable="false" content-invalid="false" window-id="329" />
                        </android.view.View>
                      </android.view.View>
                    </android.view.View>
                  </android.view.View>
                </android.view.View>
              </android.view.View>
            </android.view.View>
          </android.view.View>
        </android.widget.FrameLayout>
      </android.widget.FrameLayout>
    </android.widget.LinearLayout>
  </android.widget.FrameLayout>
</hierarchy>
Application login successful
Application login successfully
]]></system-out>
    <system-err><![CDATA[SLF4J(W): No SLF4J providers were found.
SLF4J(W): Defaulting to no-operation (NOP) logger implementation
SLF4J(W): See https://www.slf4j.org/codes.html#noProviders for further details.
]]></system-err>
  </testcase>
</testsuite>