<?xml version="1.0" encoding="UTF-8"?>
<testng-results ignored="1" total="2" passed="1" failed="0" skipped="0">
  <reporter-output>
  </reporter-output>
  <suite started-at="2026-01-15T17:55:44 IST" name="Default suite" finished-at="2026-01-15T17:56:25 IST" duration-ms="41441">
    <groups>
    </groups>
    <test started-at="2026-01-15T17:55:44 IST" name="Default test" finished-at="2026-01-15T17:56:25 IST" duration-ms="41441">
      <class name="Login.Login">
        <test-method is-config="true" signature="setup()[pri:0, instance:Login.Login@4802796d]" started-at="2026-01-15T17:55:44 IST" name="setup" finished-at="2026-01-15T17:56:06 IST" duration-ms="22209" status="PASS">
          <reporter-output>
          </reporter-output>
        </test-method> <!-- setup -->
        <test-method signature="ValidatewrongNumber()[pri:0, instance:Login.Login@4802796d]" started-at="2026-01-15T17:56:06 IST" name="ValidatewrongNumber" finished-at="2026-01-15T17:56:24 IST" duration-ms="17358" status="PASS">
          <reporter-output>
          </reporter-output>
        </test-method> <!-- ValidatewrongNumber -->
        <test-method is-config="true" signature="tearDown()[pri:0, instance:Login.Login@4802796d]" started-at="2026-01-15T17:56:24 IST" name="tearDown" finished-at="2026-01-15T17:56:25 IST" duration-ms="1817" status="PASS">
          <reporter-output>
          </reporter-output>
        </test-method> <!-- tearDown -->
      </class> <!-- Login.Login -->
    </test> <!-- Default test -->
  </suite> <!-- Default suite -->
</testng-results>
